<?xml version="1.0" encoding="UTF-8"?>
<testng-results ignored="0" total="2" passed="2" failed="0" skipped="0">
  <reporter-output>
  </reporter-output>
  <suite started-at="2025-01-16T22:06:42 IST" name="Default suite" finished-at="2025-01-16T22:07:15 IST" duration-ms="33154">
    <groups>
    </groups>
    <test started-at="2025-01-16T22:06:42 IST" name="Default test" finished-at="2025-01-16T22:07:15 IST" duration-ms="33154">
      <class name="RunnableClass.TC_001">
        <test-method is-config="true" signature="Startup()[pri:0, instance:RunnableClass.TC_001@495b0487]" started-at="2025-01-16T22:06:42 IST" name="Startup" finished-at="2025-01-16T22:06:58 IST" duration-ms="15499" status="PASS">
          <reporter-output>
          </reporter-output>
        </test-method> <!-- Startup -->
        <test-method signature="LoginToTheApplication()[pri:0, instance:RunnableClass.TC_001@495b0487]" started-at="2025-01-16T22:06:58 IST" name="LoginToTheApplication" finished-at="2025-01-16T22:07:01 IST" duration-ms="3281" status="PASS">
          <reporter-output>
          </reporter-output>
        </test-method> <!-- LoginToTheApplication -->
        <test-method signature="AddNewWorkOrder()[pri:1, instance:RunnableClass.TC_001@495b0487]" started-at="2025-01-16T22:07:01 IST" name="AddNewWorkOrder" finished-at="2025-01-16T22:07:15 IST" duration-ms="13459" status="PASS">
          <reporter-output>
          </reporter-output>
        </test-method> <!-- AddNewWorkOrder -->
        <test-method is-config="true" signature="Closure()[pri:0, instance:RunnableClass.TC_001@495b0487]" started-at="2025-01-16T22:07:15 IST" name="Closure" finished-at="2025-01-16T22:07:15 IST" duration-ms="817" status="PASS">
          <reporter-output>
          </reporter-output>
        </test-method> <!-- Closure -->
      </class> <!-- RunnableClass.TC_001 -->
    </test> <!-- Default test -->
  </suite> <!-- Default suite -->
</testng-results>
