<?xml version="1.0" encoding="UTF-8"?>
<testng-results ignored="0" total="1" passed="1" failed="0" skipped="0">
  <reporter-output>
  </reporter-output>
  <suite started-at="2024-12-11T17:41:07 IST" name="Default suite" finished-at="2024-12-11T17:41:20 IST" duration-ms="12825">
    <groups>
    </groups>
    <test started-at="2024-12-11T17:41:07 IST" name="Default test" finished-at="2024-12-11T17:41:20 IST" duration-ms="12825">
      <class name="RunnableClass.TC_001">
        <test-method is-config="true" signature="Startup()[pri:0, instance:RunnableClass.TC_001@495b0487]" started-at="2024-12-11T17:41:07 IST" name="Startup" finished-at="2024-12-11T17:41:18 IST" duration-ms="10979" status="PASS">
          <reporter-output>
          </reporter-output>
        </test-method> <!-- Startup -->
        <test-method signature="StoreHoursVerification()[pri:0, instance:RunnableClass.TC_001@495b0487]" started-at="2024-12-11T17:41:18 IST" name="StoreHoursVerification" finished-at="2024-12-11T17:41:20 IST" duration-ms="1289" status="PASS">
          <reporter-output>
          </reporter-output>
        </test-method> <!-- StoreHoursVerification -->
        <test-method is-config="true" signature="Closure()[pri:0, instance:RunnableClass.TC_001@495b0487]" started-at="2024-12-11T17:41:20 IST" name="Closure" finished-at="2024-12-11T17:41:20 IST" duration-ms="495" status="PASS">
          <reporter-output>
          </reporter-output>
        </test-method> <!-- Closure -->
      </class> <!-- RunnableClass.TC_001 -->
    </test> <!-- Default test -->
  </suite> <!-- Default suite -->
</testng-results>
