<?xml version="1.0" encoding="UTF-8"?>
<testng-results ignored="0" total="1" passed="1" failed="0" skipped="0">
  <reporter-output>
  </reporter-output>
  <suite started-at="2024-12-04T16:54:41 IST" name="Default suite" finished-at="2024-12-04T16:54:57 IST" duration-ms="16181">
    <groups>
    </groups>
    <test started-at="2024-12-04T16:54:41 IST" name="Default test" finished-at="2024-12-04T16:54:57 IST" duration-ms="16181">
      <class name="RunnableClass.TC_001">
        <test-method is-config="true" signature="Startup()[pri:0, instance:RunnableClass.TC_001@4d9ac0b4]" started-at="2024-12-04T16:54:41 IST" name="Startup" finished-at="2024-12-04T16:54:53 IST" duration-ms="12804" status="PASS">
          <reporter-output>
          </reporter-output>
        </test-method> <!-- Startup -->
        <test-method signature="LoginToTheApplication()[pri:0, instance:RunnableClass.TC_001@4d9ac0b4]" started-at="2024-12-04T16:54:53 IST" name="LoginToTheApplication" finished-at="2024-12-04T16:54:56 IST" duration-ms="2484" status="PASS">
          <reporter-output>
          </reporter-output>
        </test-method> <!-- LoginToTheApplication -->
        <test-method is-config="true" signature="Closure()[pri:0, instance:RunnableClass.TC_001@4d9ac0b4]" started-at="2024-12-04T16:54:56 IST" name="Closure" finished-at="2024-12-04T16:54:57 IST" duration-ms="839" status="PASS">
          <reporter-output>
          </reporter-output>
        </test-method> <!-- Closure -->
      </class> <!-- RunnableClass.TC_001 -->
    </test> <!-- Default test -->
  </suite> <!-- Default suite -->
</testng-results>
